         w __deregister_frame_info
         w __register_frame_info
         w _ITM_deregisterTMCloneTable
         w _ITM_registerTMCloneTable
         w _Jv_RegisterClasses
00000000 b .LANCHOR2
00000000 00000401 b __fixedpath
00000000 b _TLS_MODULE_BASE_
00000000 a shift
00000000 a shift
00000404 b .LANCHOR4
00000404 00000802 b __utf16path
00000c08 b .LANCHOR6
00000c08 00000802 b __utf16path_old.7945
00100000 a __start__
00100000 T _start
00100008 T __service_ptr
0010000c T __apt_appid
00100010 T __heap_size
00100014 T __linear_heap_size
00100018 T __system_arglist
0010001c T __system_runflags
00100020 t startup
00100058 t ClearMem
0010006c t ClrLoop
00100094 T _init
001000ac T initSystem
001000f0 T __ctru_exit
00100110 T __aeabi_idiv
00100110 00000220 T __divsi3
00100118 t .divsi3_skip_div0_test
00100330 00000020 T __aeabi_idivmod
00100350 00000004 W __aeabi_idiv0
00100350 00000004 W __aeabi_ldiv0
00100354 T __aeabi_uldivmod
001003a8 00000390 T strcmp
00100730 t .udivsi3_skip_div0_test
00100730 T __aeabi_uidiv
00100730 000001ec T __udivsi3
0010091c 00000020 T __aeabi_uidivmod
0010093c t deregister_tm_clones
0010096c t register_tm_clones
001009a4 t __do_global_dtors_aux
001009e8 t frame_dummy
00100a48 00000350 T main
00100d98 000001b0 T consoleDrawChar
00100f48 00000124 T consolePrintChar
0010106c 00000190 t consoleCls
001011fc 00000104 T consoleInit
00101300 00000144 t consoleClearLine
00101444 000000bc t newRow
00101500 00000774 T con_write
00101c74 0000008c t gfxSetFramebufferInfo.part.0
00101d00 00000018 T __get_bytes_per_pixel
00101d18 00000180 T gfxSetScreenFormat
00101e98 00000010 T gfxSetDoubleBuffering
00101ea8 00000070 T gfxSetFramebufferInfo
00101f18 000000b0 T gfxWriteFramebufferInfo
00101fc8 0000020c T gfxInit
001021d4 00000010 T gfxInitDefault
001021e4 000000e0 T gfxExit
001022c4 000000bc T gfxGetFramebuffer
00102380 000000e0 T gfxFlushBuffers
00102460 00000060 T gfxConfigScreen
001024c0 00000020 T gfxSwapBuffers
001024e0 00000020 T gfxSwapBuffersGpu
00102500 00000004 W _aptDebug
00102504 00000138 T aptSendCommand
0010263c 0000003c t aptExitProcess
00102678 00000020 T APT_HardwareResetAsync
00102698 0000004c T APT_InquireNotification
001026e4 0000019c t aptEventHandler
00102880 00000074 T APT_AppletUtility
001028f4 000000b4 T aptSetSleepAllowed
001029a8 000000b4 T APT_GlanceParameter
00102a5c 000000c0 T APT_ReceiveParameter
00102b1c 000000bc t aptReceiveParameter.constprop.0
00102bd8 000001ec t aptScreenTransfer
00102dc4 00000228 t aptWaitForWakeUp
00102fec 00000070 T APT_CancelParameter
0010305c 0000027c T aptInit
001032d8 00000090 t aptClearParamQueue
00103368 00000210 T aptMainLoop
00103578 0000021c T aptExit
00103794 0000007c T APT_CheckNew3DS
00103810 00000028 t fsSessionForArchive.part.0
00103838 000000cc T fsInit
00103904 0000003c T fsExit
00103940 000000a0 T fsExemptFromSession
001039e0 00000050 T fsUnexemptFromSession
00103a30 000000bc T FSUSER_OpenFile
00103aec 000000a4 T FSUSER_DeleteFile
00103b90 000000e0 T FSUSER_RenameFile
00103c70 000000a4 T FSUSER_DeleteDirectory
00103d14 000000bc T FSUSER_CreateFile
00103dd0 000000ac T FSUSER_CreateDirectory
00103e7c 000000e0 T FSUSER_RenameDirectory
00103f5c 000000a4 T FSUSER_OpenDirectory
00104000 00000098 T FSUSER_OpenArchive
00104098 00000074 T FSUSER_CloseArchive
0010410c 00000078 T FSUSER_GetSdmcArchiveResource
00104184 00000064 T FSUSER_IsSdmcWritable
001041e8 0000005c T FSFILE_Read
00104244 00000064 T FSFILE_Write
001042a8 0000003c T FSFILE_GetSize
001042e4 0000002c T FSFILE_SetSize
00104310 0000003c T FSFILE_Close
0010434c 00000024 T FSFILE_Flush
00104370 00000054 T FSDIR_Read
001043c4 0000003c T FSDIR_Close
00104400 00000074 T gspInit
00104474 0000003c T gspExit
001044b0 000000a0 T gspInitEventHandler
00104550 00000040 T gspExitEventHandler
00104590 00000044 T gspWaitForEvent
001045d4 00000004 W gxCmdQueueInterrupt
001045d8 0000017c t gspEventThreadMain
00104754 0000006c T GSPGPU_SetBufferSwap
001047c0 0000004c T GSPGPU_FlushDataCache
0010480c 00000034 T GSPGPU_SetLcdForceBlack
00104840 00000064 T GSPGPU_RegisterInterruptRelayQueue
001048a4 0000002c T GSPGPU_UnregisterInterruptRelayQueue
001048d0 00000048 T GSPGPU_AcquireRight
00104918 0000002c T GSPGPU_ReleaseRight
00104944 00000080 T GSPGPU_ImportDisplayCaptureInfo
001049c4 0000002c T GSPGPU_SaveVramSysArea
001049f0 0000002c T GSPGPU_RestoreVramSysArea
00104a1c 000000d0 T hidExit
00104aec 00000268 T hidScanInput
00104d54 00000010 T hidKeysDown
00104d64 00000090 T HIDUSER_GetHandles
00104df4 000001ac T hidInit
00104fa0 000000ac T irrstScanInput
0010504c 00000024 T irrstKeysHeld
00105070 00000050 T IRRST_GetHandles
001050c0 0000015c T irrstInit
0010521c 0000002c T IRRST_Shutdown
00105248 000000ac T irrstExit
001052f4 000000e8 T __system_initArgv
001053dc 00000038 W __libctru_init
00105414 00000030 t __ctru_get_reent
00105444 000000e4 T __system_initSyscalls
00105528 T svcControlMemory
00105548 T svcExitProcess
00105550 T svcCreateThread
00105570 T svcExitThread
00105578 T svcSleepThread
00105580 T svcReleaseMutex
00105588 T svcCreateEvent
0010559c T svcSignalEvent
001055a4 T svcClearEvent
001055ac T svcMapMemoryBlock
001055b4 T svcUnmapMemoryBlock
001055bc T svcCreateAddressArbiter
001055d0 T svcArbitrateAddress
001055e8 T svcCloseHandle
001055f0 T svcWaitSynchronization
001055f8 T svcWaitSynchronizationN
00105620 T svcDuplicateHandle
00105634 T svcGetSystemTick
0010563c T svcGetSystemInfo
00105654 T svcConnectToPort
00105668 T svcSendSyncRequest
00105670 T svcBreak
00105678 00000024 t addrMapNodeComparator(rbtree_node const*, rbtree_node const*)
0010569c 00000004 t addrMapNodeDestructor(rbtree_node*)
001056a0 0000013c T linearMemAlign
001057dc 00000008 T linearAlloc
001057e4 00000050 T linearFree
00105834 00000024 t addrMapNodeComparator(rbtree_node const*, rbtree_node const*)
00105858 00000004 t addrMapNodeDestructor(rbtree_node*)
0010585c 000000f4 T mappableAlloc
00105950 00000050 T mappableFree
001059a0 00000098 T MemPool::CoalesceRight(MemBlock*)
00105a38 00000178 T MemPool::Allocate(MemChunk&, unsigned long, int)
00105bb0 00000100 T MemPool::Deallocate(MemChunk const&)
00105cb0 00000024 t addrMapNodeComparator(rbtree_node const*, rbtree_node const*)
00105cd4 00000004 t addrMapNodeDestructor(rbtree_node*)
00105cd8 0000012c T vramMemAlign
00105e04 00000008 T vramAlloc
00105e0c 00000050 T vramFree
00105e5c 00000084 T envGetHandle
00105ee0 0000004c T envDestroyHandles
00105f2c 00000058 t getSysTime
00105f84 00000024 T osGetMemRegionUsed
00105fa8 000000f4 T __libctru_gtod
0010609c 00000034 T __ctru_speedup_config
001060d0 00000058 T srvExit
00106128 00000038 T srvRegisterClient
00106160 0000007c T srvInit
001061dc 00000068 T srvGetServiceHandleDirect
00106244 00000038 T srvGetServiceHandle
0010627c 00000034 t LightLock_Unlock.part.1
001062b0 0000000c T __sync_init
001062bc 00000018 T __sync_fini
001062d4 00000010 T __sync_get_arbiter
001062e4 00000018 T LightLock_Init
001062fc 000000a0 T LightLock_Lock
0010639c 00000034 T LightLock_TryLock
001063d0 00000020 T LightLock_Unlock
001063f0 00000024 T RecursiveLock_Init
00106414 00000030 T RecursiveLock_Lock
00106444 00000058 T RecursiveLock_TryLock
0010649c 00000038 T RecursiveLock_Unlock
001064d4 00000038 T LightEvent_Init
0010650c 0000007c T LightEvent_Clear
00106588 000000dc T LightEvent_Signal
00106664 000000d0 T LightEvent_Wait
00106734 0000001c t threadFree.part.0
00106750 000001bc T threadCreate
0010690c 00000024 T threadJoin
00106930 00000064 T threadExit
00106994 00000040 t _thread_begin
001069d4 00000074 T ptmSysmInit
00106a48 0000003c T ptmSysmExit
00106a84 00000034 T PTMSYSM_ConfigureNew3DSCPU
00106ab8 00000070 T rbtree_find
00106b28 00000014 T rbtree_init
00106b3c 0000018c t do_insert
00106cc8 00000008 T rbtree_insert
00106cd0 00000324 T rbtree_remove
00106ff4 00000094 T rbtree_rotate
00107088 00000058 t osGetMemRegionSize
001070e0 00000104 W __system_allocateHeaps
001071e4 0000001c W __appExit
00107200 0000001c W __appInit
0010721c 000000a4 W __libctru_exit
001072c0 00000010 t sdmc_link
001072d0 00000010 t sdmc_dirreset
001072e0 00000010 t sdmc_fchmod
001072f0 00000024 t error_cmp
00107314 00000050 t sdmc_translate_error
00107364 00000034 t sdmc_fsync
00107398 00000054 t sdmc_ftruncate
001073ec 000000b8 t sdmc_statvfs
001074a4 00000038 t sdmc_dirclose
001074dc 00000138 t sdmc_dirnext
00107614 00000034 t sdmc_close
00107648 00000074 t sdmc_fstat
001076bc 000000d8 t sdmc_seek
00107794 00000084 t sdmc_read
00107818 000000b8 t sdmc_write
001078d0 000001a8 t sdmc_utf16path
00107a78 00000074 t sdmc_rmdir
00107aec 000000a4 t sdmc_diropen
00107b90 000000a0 t sdmc_chdir
00107c30 00000098 t sdmc_mkdir
00107cc8 00000108 t sdmc_rename
00107dd0 00000074 t sdmc_unlink
00107e44 00000108 t sdmc_stat
00107f4c 00000188 t sdmc_open
001080d4 00000010 t sdmc_chmod
001080e4 00000160 T sdmcInit
00108244 00000060 T sdmcExit
001082a4 00000074 T rbtree_node_next
00108318 00000138 T decode_utf8
00108450 000000e8 T utf16_to_utf8
00108538 000000c0 T utf8_to_utf16
001085f8 T __aeabi_read_tp
00108604 00000060 T decode_utf16
00108664 00000068 T encode_utf16
001086cc 00000104 T encode_utf8
001087d0 00000128 T __udivmoddi4
001088f8 00000074 T bsearch
0010896c 00000040 T __libc_fini_array
001089ac 00000078 T __libc_init_array
00108a24 00000020 T memalign
00108a44 00000158 T _memalign_r
00108b9c 00000018 T malloc
00108bb4 00000018 T free
00108bcc 0000078c T _malloc_r
00109358 00000104 T memchr
0010945c 00000114 T memcpy
00109570 00000110 T memset
00109680 0000000c T __malloc_lock
0010968c 0000000c T __malloc_unlock
00109698 00000038 T printf
001096d0 000000e0 T _puts_r
001097b0 00000018 T puts
001097c8 00000258 T setvbuf
00109a20 00000074 T sscanf
00109a94 0000003c T __sread
00109ad0 00000008 T __seofread
00109ad8 00000064 T __swrite
00109b3c 0000004c T __sseek
00109b88 00000008 T __sclose
00109b90 0000005c T strlen
00109bec 0000009c T strncat
00109c88 000000d8 T strncpy
00109d60 0000290c T __ssvfscanf_r
0010c66c 0000001c t __sprint_r.part.0
0010c688 0000001c T __sprint_r
0010c6a4 00001624 t get_arg
0010dcc8 00004314 T _vfprintf_r
00111fdc 000000cc t __sbprintf
001120a8 000000a0 T _wcrtomb_r
00112148 00000020 T _wcsrtombs_r
00112168 00000144 T __swsetup_r
001122ac 000001d0 t quorem
00112480 00001260 T _dtoa_r
001136e0 00000254 T __sflush_r
00113934 00000094 T _fflush_r
001139c8 0000000c T _cleanup_r
001139d4 00000080 t std.isra.0
00113a54 0000008c T __sinit
00113ae0 0000000c T __sfp_lock_acquire
00113aec 0000000c T __sfp_lock_release
00113af8 000000f8 T _malloc_trim_r
00113bf0 000002e4 T _free_r
00113ed4 000004ac T __sfvwrite_r
00114380 00000080 T _fwalk_reent
00114400 00000074 T iswspace
00114474 00000204 t __jp2uc
00114678 000000c8 T _jp2uc
00114740 00000008 T __localeconv_l
00114748 00000024 T _localeconv_r
0011476c 00000024 T __locale_mb_cur_max
00114790 00000008 T __locale_ctype_ptr_l
00114798 00000024 T __locale_ctype_ptr
001147bc 00000094 T __swhatbuf_r
00114850 000000f4 T __smakebuf_r
00114944 000000b4 T _mbrtowc_r
001149f8 00000300 T __utf8_mbtowc
00114cf8 00000148 T memmove
00114e40 00000088 T _Balloc
00114ec8 0000001c T _Bfree
00114ee4 000000d8 T __multadd
00114fbc 000000f0 T __s2b
001150ac 00000058 T __hi0bits
00115104 0000009c T __lo0bits
001151a0 00000020 T __i2b
001151c0 000001cc T __multiply
0011538c 00000100 T __pow5mult
0011548c 000000e4 T __lshift
00115570 00000060 T __mcmp
001155d0 00000198 T __mdiff
00115768 00000078 T __ulp
001157e0 000000d4 T __b2d
001158b4 00000108 T __d2b
001159bc 0000007c T __ratio
00115a38 0000006c T __copybits
00115aa4 00000080 T __any_on
00115b24 000004cc T _realloc_r
00115ff0 000000cc T __sccl
001160bc 0000000c T nanf
001160c8 0000009c T frexp
00116164 00000068 T sprintf
001161cc 00000100 T stpncpy
001162cc 000001ac T strchr
00116478 00000108 T strncmp
00116580 00000054 t sulp
001165d8 00001434 T _strtod_l
00117a0c 0000003c T _strtod_r
00117a48 000002dc t _strtoll_l.isra.0
00117d24 00000050 T _strtoll_r
00117d74 00000220 t _strtol_l.isra.0
00117f94 00000050 T _strtol_r
00117fe8 00000268 t _strtoull_l.isra.0
00118250 00000050 T _strtoull_r
001182a0 000001e4 t _strtoul_l.isra.0
00118484 00000050 T _strtoul_r
001184d4 00000188 T __ssprint_r
0011865c 000000e8 T _sungetc_r
00118744 0000006c T __ssrefill_r
001187b0 000000d0 T _sfread_r
00118880 00001624 t get_arg
00119ea8 000041c4 T _svfprintf_r
0011e06c 000000a8 T __submore
0011e114 00000174 T _wcsnrtombs_l
0011e288 00000064 T _wcsnrtombs_r
0011e2ec 000000e8 T __utf8_wctomb
0011e3d4 00000090 T _calloc_r
0011e464 00000154 T _fclose_r
0011e5b8 000000f0 t rshift
0011e6a8 000007f4 T __gethex
0011ee9c 00000064 T __match
0011ef00 00000264 T __hexnan
0011f164 00000008 t null_write
0011f16c 00000018 T setDefaultDevice
0011f184 000000cc T FindDevice
0011f250 00000028 T RemoveDevice
0011f278 00000098 T AddDevice
0011f310 00000084 T _close_r
0011f394 0000007c T _fstat_r
0011f410 00000008 T _isatty_r
0011f418 00000090 T _lseek_r
0011f4a8 00000088 T _read_r
0011f530 00000070 T _sbrk_r
0011f5a0 00000088 T _write_r
0011f628 000001d4 T _concatenate_path
0011f7fc 0000015c T chdir
0011f958 00000008 T __flockfile
0011f960 00000008 T __funlockfile
0011f968 00000018 T __libc_lock_acquire
0011f980 00000018 T __libc_lock_release
0011f998 00000018 T __libc_lock_init_recursive
0011f9b0 00000018 T __libc_lock_acquire_recursive
0011f9c8 00000018 T __libc_lock_release_recursive
0011f9e0 00000018 T __libc_lock_close_recursive
0011f9f8 0000004c T __free_handle
0011fa44 00000040 T __release_handle
0011fa84 00000018 T __get_handle
0011fa9c 00000028 T __getreent
0011fac4 0000005c T strnlen
0011fb20 00000044 T strrchr
0011fb64 T _fini
00120000 R default_font_bin
00120800 R default_font_bin_end
00120800 R default_font_bin_size
00120b64 00000030 r colorTable
00120be8 00000068 r dotab_stdout
00120c60 00000014 r CSWTCH.28
00120c74 00000008 r framebufferInfoSt
00120c84 0000000c r serviceNameTable.7525
00120ce8 00000030 r error_table
00120d30 00000022 r basefix.8441
00120d94 r .LC2
00120d98 00000010 r blanks.8415
00120da8 00000010 r zeroes.8416
00120ddc 000000bc r a1
00120e98 000000bc r a2
00120f54 0000005b r a3
00120fb0 00000070 r a6
00121020 000000a2 r a7
001210c4 00000040 r a8
00121104 0000172a r b02cf
00122830 00001a7c r d02f4
001242f0 00000028 R __mprec_bigtens
00124318 000000c8 R __mprec_tens
001243e0 0000000c r p05.7191
001243fc 00000014 r fpi.7277
00124410 00000014 r fpinan.7313
00124428 00000028 r tinytens
00124450 0000006c R __action_table
001244bc 00000100 R __chclass
001245bc 0000006c R __state_table
00124628 00000010 r blanks.8400
00124638 00000010 r zeroes.8401
00124648 00000101 R _ctype_
0012474c 00000100 R __hexdig
00124854 00000068 R dotab_stdnull
001248bc 00000003 R DIRECTORY_PARENT
001248c0 r __EH_FRAME_BEGIN__
001248c0 R __exidx_end
001248c0 R __exidx_start
00125000 W __stacksize__
00125004 00000004 D currentConsole
00125008 0000004c D defaultConsole
00125054 00000001 d firstConsoleInit.7768
00125055 00000001 d botFormat
00125058 00000008 d doubleBuf
00125060 00000001 d topFormat
00125064 00000004 d aptFlags
00125068 00000004 d gspLastEvent
0012506c 00000004 V __ctru_linear_heap_size
00125070 00000401 d __cwd
00125474 00000068 d sdmc_devoptab
001254dc 00000004 D _impure_ptr
001254e0 00000460 d impure_data
00125940 00000408 D __malloc_av_
00125d48 00000004 D __malloc_sbrk_base
00125d4c 00000004 D __malloc_trim_threshold
00125d50 0000000c d __malloc_lock_object
00125d5c 0000000c d __sfp_lock
00125d68 0000000c d __sinit_lock
00125d74 0000016c D __global_locale
00125ee0 00000004 d defaultDevice
00125ee4 00000040 D devoptab_list
00125f24 00001000 d _current_working_directory
00126f24 00000004 d __hndl_lock
00126f28 0000000c d __stderr_handle
00126f34 0000000c d __stdin_handle
00126f40 0000000c d __stdout_handle
00126f4c 00001000 d handles
00127f4c t __frame_dummy_init_array_entry
00127f4c T __init_array_start
00127f4c d __JCR_LIST__
00127f4c B __preinit_array_end
00127f4c B __preinit_array_start
00127f4c D __tdata_lma
00127f4c D __tdata_lma_end
00127f4c D __TMC_END__
00127f4c d __TMC_LIST__
00127f50 t __do_global_dtors_aux_fini_array_entry
00127f50 T __fini_array_start
00127f50 T __init_array_end
00127f54 T __bss_start__
00127f54 T __fini_array_end
00127f54 b saved_stack
00127f5c b completed.7620
00127f60 b object.7625
00127f78 00000002 b currentBuffer
00127f7a 00000001 b enable3d
00127f7c 00000004 b screenAlloc
00127f80 00000004 b screenFree
00127f84 00000001 b aptChainloadMediatype
00127f88 00000008 b aptChainloadTid
00127f90 00000004 b aptEventHandlerThread
00127f94 0000000c b aptEvents
00127fa0 0000000c b aptFirstHook
00127fac 00000001 b aptHomeButtonState
00127fb0 00000004 b aptLockHandle
00127fb4 00000004 b aptMessageFunc
00127fb8 00000004 b aptMessageFuncData
00127fbc 00001000 b aptParameters
00128fbc 00000004 b aptRefCount
00128fc0 00000008 b aptSleepEvent
00128fc8 00000001 b flagInit.7885
00128fc9 00000001 b flagValue.7886
00128fcc 00000004 b serviceName.7524
00128fd0 00000080 b fsExemptArchives
00129050 00000004 b fsuHandle
00129054 00000004 b fsuRefCount
00129058 00000004 b gspEvent
0012905c 0000001c b gspEventCb
00129078 0000001c b gspEventCbData
00129094 00000007 b gspEventCbOneShot
0012909c 0000001c b gspEventCounts
001290b8 00000004 b gspEventData
001290bc 00000004 b gspEventThread
001290c0 00000038 b gspEvents
001290f8 00000004 b gspRefCount
001290fc 00000001 b gspRunEvents
00129100 00000006 b aVec
00129108 00000004 b cPos
0012910c 00000006 b gRate
00129114 00000004 b hidRefCount
00129118 00000004 b kDown
0012911c 00000004 b kHeld
00129120 00000004 b kOld
00129124 00000004 b kUp
00129128 00000004 b tPos
0012912c 00000004 b csPos
00129130 00000004 b irrstRefCount
00129134 00000004 b kHeld
00129138 00000008 b sLinearPool
00129140 0000000c b sAddrMap
0012914c 00000008 b sMappablePool
00129154 0000000c b sAddrMap
00129160 0000000c b sAddrMap
0012916c 00000008 b sVramPool
00129174 00000001 V __ctru_speedup
00129178 00000004 b srvHandle
0012917c 00000004 b srvRefCount
00129180 00000004 b arbiter
00129184 00000004 b ptmSysmHandle
00129188 00000004 b ptmSysmRefCount
0012918c 00000004 V __ctru_heap_size
00129190 00000008 b sdmcArchive
00129198 00000001 b sdmcInitialised
0012919c 00000028 B __malloc_current_mallinfo
001291c4 00000004 B __malloc_max_sbrked_mem
001291c8 00000004 B __malloc_max_total_mem
001291cc 00000004 B __malloc_top_pad
001291d0 00000004 b heap_start.6927
001291d4 00000004 B fake_heap_end
001291d8 00000004 B fake_heap_start
001291dc 00001000 b temp_cwd
0012a1dc 00000038 B __syscalls
0012a214 0000004c B currentCopy
0012a260 00000008 B gfxBottomFramebuffers
0012a268 00000004 B gspSharedMemHandle
0012a26c 0000001c B bottomFramebufferInfo
0012a288 00000004 B gspEvent
0012a28c 00000008 B gfxTopLeftFramebuffers
0012a294 00000008 B gfxTopRightFramebuffers
0012a29c 0000001c B topFramebufferInfo
0012a2b8 00000001 B gfxThreadID
0012a2bc 00000004 B gfxSharedMemory
0012a2c0 00000004 B gfxTopFramebufferMaxSize
0012a2c4 00000004 B gfxBottomFramebufferMaxSize
0012a2c8 00000004 B gxCmdBuf
0012a2cc 00000004 B gspGpuHandle
0012a2d0 00000004 B hidMemHandle
0012a2d4 00000004 B hidHandle
0012a2d8 00000004 B hidSharedMem
0012a2dc 00000014 B hidEvents
0012a2f0 00000004 B irrstHandle
0012a2f4 00000004 B irrstEvent
0012a2f8 00000004 B irrstMemHandle
0012a2fc 00000004 B irrstSharedMem
0012a300 00000004 B __system_argv
0012a304 00000004 B __system_argc
0012a308 00000004 B __system_retAddr
0012a30c 00000004 B __ctru_linear_heap
0012a310 00000004 B __ctru_heap
0012a314 B __tls_start
0012b720 B __bss_end__
0012b720 A __end__
0012b720 B __tls_end
